<?xml version="1.0" encoding="UTF-8"?>
<!-- Generated by org.testng.reporters.JUnitXMLReporter -->
<testsuite ignored="0" hostname="DESKTOP-59HQ26K" failures="0" tests="7" name="Test" time="0.186" errors="0" timestamp="2024-12-15T21:24:47 IST">
  <testcase classname="testCases.BaseClass" name="@BeforeClass Setup" time="-1.734278087075E9">
    <failure type="org.testng.TestNGException" message="
Parameter &amp;apos;os&amp;apos; is required by BeforeClass on method Setup but has not been marked @Optional or defined
in C:\Users\Anil kumar N\eclipse-workspace\TutorialsNinja_Project\master.xml">
      <![CDATA[org.testng.TestNGException: 
Parameter 'os' is required by BeforeClass on method Setup but has not been marked @Optional or defined
in C:\Users\Anil kumar N\eclipse-workspace\TutorialsNinja_Project\master.xml
at java.base/java.util.ArrayList.forEach(ArrayList.java:1596)
... Removed 22 stack frames]]>
    </failure>
  </testcase> <!-- @BeforeClass Setup -->
  <testcase classname="testCases.BaseClass" name="@AfterClass tearDown" time="0.0">
    <skipped/>
  </testcase> <!-- @AfterClass tearDown -->
  <testcase classname="testCases.BaseClass" name="@BeforeClass Setup" time="-1.734278087137E9">
    <failure type="org.testng.TestNGException" message="
Parameter &amp;apos;os&amp;apos; is required by BeforeClass on method Setup but has not been marked @Optional or defined
in C:\Users\Anil kumar N\eclipse-workspace\TutorialsNinja_Project\master.xml">
      <![CDATA[org.testng.TestNGException: 
Parameter 'os' is required by BeforeClass on method Setup but has not been marked @Optional or defined
in C:\Users\Anil kumar N\eclipse-workspace\TutorialsNinja_Project\master.xml
at java.base/java.util.ArrayList.forEach(ArrayList.java:1596)
... Removed 22 stack frames]]>
    </failure>
  </testcase> <!-- @BeforeClass Setup -->
  <testcase classname="testCases.BaseClass" name="@AfterClass tearDown" time="0.0">
    <skipped/>
  </testcase> <!-- @AfterClass tearDown -->
  <testcase classname="testCases.BaseClass" name="@BeforeClass Setup" time="-1.734278087156E9">
    <failure type="org.testng.TestNGException" message="
Parameter &amp;apos;os&amp;apos; is required by BeforeClass on method Setup but has not been marked @Optional or defined
in C:\Users\Anil kumar N\eclipse-workspace\TutorialsNinja_Project\master.xml">
      <![CDATA[org.testng.TestNGException: 
Parameter 'os' is required by BeforeClass on method Setup but has not been marked @Optional or defined
in C:\Users\Anil kumar N\eclipse-workspace\TutorialsNinja_Project\master.xml
at java.base/java.util.ArrayList.forEach(ArrayList.java:1596)
... Removed 22 stack frames]]>
    </failure>
  </testcase> <!-- @BeforeClass Setup -->
  <testcase classname="testCases.BaseClass" name="@AfterClass tearDown" time="0.0">
    <skipped/>
  </testcase> <!-- @AfterClass tearDown -->
  <testcase classname="testCases.BaseClass" name="@BeforeClass Setup" time="-1.734278087174E9">
    <failure type="org.testng.TestNGException" message="
Parameter &amp;apos;os&amp;apos; is required by BeforeClass on method Setup but has not been marked @Optional or defined
in C:\Users\Anil kumar N\eclipse-workspace\TutorialsNinja_Project\master.xml">
      <![CDATA[org.testng.TestNGException: 
Parameter 'os' is required by BeforeClass on method Setup but has not been marked @Optional or defined
in C:\Users\Anil kumar N\eclipse-workspace\TutorialsNinja_Project\master.xml
at java.base/java.util.ArrayList.forEach(ArrayList.java:1596)
... Removed 22 stack frames]]>
    </failure>
  </testcase> <!-- @BeforeClass Setup -->
  <testcase classname="testCases.BaseClass" name="@AfterClass tearDown" time="0.0">
    <skipped/>
  </testcase> <!-- @AfterClass tearDown -->
  <testcase classname="testCases.BaseClass" name="@BeforeClass Setup" time="-1.734278087187E9">
    <failure type="org.testng.TestNGException" message="
Parameter &amp;apos;os&amp;apos; is required by BeforeClass on method Setup but has not been marked @Optional or defined
in C:\Users\Anil kumar N\eclipse-workspace\TutorialsNinja_Project\master.xml">
      <![CDATA[org.testng.TestNGException: 
Parameter 'os' is required by BeforeClass on method Setup but has not been marked @Optional or defined
in C:\Users\Anil kumar N\eclipse-workspace\TutorialsNinja_Project\master.xml
at java.base/java.util.ArrayList.forEach(ArrayList.java:1596)
... Removed 22 stack frames]]>
    </failure>
  </testcase> <!-- @BeforeClass Setup -->
  <testcase classname="testCases.BaseClass" name="@AfterClass tearDown" time="0.0">
    <skipped/>
  </testcase> <!-- @AfterClass tearDown -->
  <testcase classname="testCases.BaseClass" name="@BeforeClass Setup" time="-1.734278087198E9">
    <failure type="org.testng.TestNGException" message="
Parameter &amp;apos;os&amp;apos; is required by BeforeClass on method Setup but has not been marked @Optional or defined
in C:\Users\Anil kumar N\eclipse-workspace\TutorialsNinja_Project\master.xml">
      <![CDATA[org.testng.TestNGException: 
Parameter 'os' is required by BeforeClass on method Setup but has not been marked @Optional or defined
in C:\Users\Anil kumar N\eclipse-workspace\TutorialsNinja_Project\master.xml
at java.base/java.util.ArrayList.forEach(ArrayList.java:1596)
... Removed 22 stack frames]]>
    </failure>
  </testcase> <!-- @BeforeClass Setup -->
  <testcase classname="testCases.BaseClass" name="@AfterClass tearDown" time="0.0">
    <skipped/>
  </testcase> <!-- @AfterClass tearDown -->
  <testcase classname="testCases.BaseClass" name="@BeforeClass Setup" time="-1.734278087209E9">
    <failure type="org.testng.TestNGException" message="
Parameter &amp;apos;os&amp;apos; is required by BeforeClass on method Setup but has not been marked @Optional or defined
in C:\Users\Anil kumar N\eclipse-workspace\TutorialsNinja_Project\master.xml">
      <![CDATA[org.testng.TestNGException: 
Parameter 'os' is required by BeforeClass on method Setup but has not been marked @Optional or defined
in C:\Users\Anil kumar N\eclipse-workspace\TutorialsNinja_Project\master.xml
at java.base/java.util.ArrayList.forEach(ArrayList.java:1596)
... Removed 22 stack frames]]>
    </failure>
  </testcase> <!-- @BeforeClass Setup -->
  <testcase classname="testCases.BaseClass" name="@AfterClass tearDown" time="0.0">
    <skipped/>
  </testcase> <!-- @AfterClass tearDown -->
  <testcase classname="testCases.TC_AR_001" name="verity_account_registration" time="0.0">
    <skipped/>
  </testcase> <!-- verity_account_registration -->
  <testcase classname="testCases.TC_LT_002" name="verifylogin" time="0.0">
    <skipped/>
  </testcase> <!-- verifylogin -->
  <testcase classname="testCases.TC_SP_003" name="SearchProduct" time="0.0">
    <skipped/>
  </testcase> <!-- SearchProduct -->
  <testcase classname="testCases.TC_RF_004" name="verifyRegisterAccountWithoutDetails" time="0.0">
    <skipped/>
  </testcase> <!-- verifyRegisterAccountWithoutDetails -->
  <testcase classname="testCases.TC_NL_005" name="VerifyRegistringAccountBySubscribingNewsLetter" time="0.001">
    <skipped/>
  </testcase> <!-- VerifyRegistringAccountBySubscribingNewsLetter -->
  <testcase classname="testCases.TC_RPF_006" name="VerifyRegisterPagesUsingMultipleWays" time="0.0">
    <skipped/>
  </testcase> <!-- VerifyRegisterPagesUsingMultipleWays -->
  <testcase classname="testCases.TC_WPWD_007" name="VerifyWorngPwdMsg" time="0.0">
    <skipped/>
  </testcase> <!-- VerifyWorngPwdMsg -->
</testsuite> <!-- Test -->
